  OBJLoader.cpp
c:\opengl\opengl-ki-duniya\t2terminal-1\t2terminal\objloderutility\objloader.cpp(384): warning C4267: 'initializing': conversion from 'size_t' to 'int', possible loss of data
  MTLLoader.cpp
  ModelParser.cpp
  GLObject.cpp
  Generating Code...
GLObject.obj : error LNK2001: unresolved external symbol __imp___glewActiveTexture
GLObject.obj : error LNK2001: unresolved external symbol __imp___glewBindBuffer
GLObject.obj : error LNK2001: unresolved external symbol __imp___glewBufferData
GLObject.obj : error LNK2001: unresolved external symbol __imp___glewDeleteBuffers
GLObject.obj : error LNK2001: unresolved external symbol __imp___glewGenBuffers
GLObject.obj : error LNK2001: unresolved external symbol __imp___glewEnableVertexAttribArray
GLObject.obj : error LNK2001: unresolved external symbol __imp___glewGetUniformLocation
GLObject.obj : error LNK2001: unresolved external symbol __imp___glewUniform1f
GLObject.obj : error LNK2001: unresolved external symbol __imp___glewUniform1i
GLObject.obj : error LNK2001: unresolved external symbol __imp___glewUniform3fv
GLObject.obj : error LNK2001: unresolved external symbol __imp___glewVertexAttribPointer
GLObject.obj : error LNK2001: unresolved external symbol __imp___glewDrawArraysInstanced
GLObject.obj : error LNK2001: unresolved external symbol __imp___glewVertexAttribDivisor
GLObject.obj : error LNK2001: unresolved external symbol __imp___glewGenerateMipmap
GLObject.obj : error LNK2001: unresolved external symbol __imp___glewBindVertexArray
GLObject.obj : error LNK2001: unresolved external symbol __imp___glewDeleteVertexArrays
GLObject.obj : error LNK2001: unresolved external symbol __imp___glewGenVertexArrays
MSVCRTD.lib(exe_winmain.obj) : error LNK2019: unresolved external symbol WinMain referenced in function "int __cdecl invoke_main(void)" (?invoke_main@@YAHXZ)
C:\glew\lib\Release\Win32\glew32.lib : warning LNK4272: library machine type 'X86' conflicts with target machine type 'x64'
C:\OpenGL\opengl-ki-duniya\t2terminal-1\t2Terminal\x64\Debug\OBJLoderUtility.exe : fatal error LNK1120: 18 unresolved externals
